生成启动时间为 2021/7/11 11:26:50。
     1>项目“D:\work_xing\project\eview-commondriver\cmake-temp\ZERO_CHECK.vcxproj”在节点 2 上(Rebuild 个目标)。
     1>CustomBuild:
         Checking Build System
         CMake does not need to re-run because D:/work_xing/project/eview-commondriver/cmake-temp/CMakeFiles/generate.stamp is up-to-date.
         CMake does not need to re-run because D:/work_xing/project/eview-commondriver/cmake-temp/drivers/CMakeFiles/generate.stamp is up-to-date.
         CMake does not need to re-run because D:/work_xing/project/eview-commondriver/cmake-temp/drivers/snmpdrv/CMakeFiles/generate.stamp is up-to-date.
         CMake does not need to re-run because D:/work_xing/project/eview-commondriver/cmake-temp/drivers/dbdrv/CMakeFiles/generate.stamp is up-to-date.
         CMake does not need to re-run because D:/work_xing/project/eview-commondriver/cmake-temp/drivers/pingdrv/CMakeFiles/generate.stamp is up-to-date.
         CMake does not need to re-run because D:/work_xing/project/eview-commondriver/cmake-temp/drivers/iec104drv/CMakeFiles/generate.stamp is up-to-date.
         CMake does not need to re-run because D:/work_xing/project/eview-commondriver/cmake-temp/drivers/modbustcp/CMakeFiles/generate.stamp is up-to-date.
         CMake does not need to re-run because D:/work_xing/project/eview-commondriver/cmake-temp/drivers/modbusrtu/CMakeFiles/generate.stamp is up-to-date.
         CMake does not need to re-run because D:/work_xing/project/eview-commondriver/cmake-temp/drivers/mitubishifxdrv/CMakeFiles/generate.stamp is up-to-date.
         CMake does not need to re-run because D:/work_xing/project/eview-commondriver/cmake-temp/drivers/abcipdrv/CMakeFiles/generate.stamp is up-to-date.
         CMake does not need to re-run because D:/work_xing/project/eview-commondriver/cmake-temp/drivers/abdf1drv/CMakeFiles/generate.stamp is up-to-date.
         CMake does not need to re-run because D:/work_xing/project/eview-commondriver/cmake-temp/drivers/omronfinsdrv/CMakeFiles/generate.stamp is up-to-date.
         CMake does not need to re-run because D:/work_xing/project/eview-commondriver/cmake-temp/drivers/simenss7drv/CMakeFiles/generate.stamp is up-to-date.
         CMake does not need to re-run because D:/work_xing/project/eview-commondriver/cmake-temp/drivers/eviewdatadrv/CMakeFiles/generate.stamp is up-to-date.
         CMake does not need to re-run because D:/work_xing/project/eview-commondriver/cmake-temp/drivers/sampledrv/CMakeFiles/generate.stamp is up-to-date.
         CMake does not need to re-run because D:/work_xing/project/eview-commondriver/cmake-temp/drivers/commondrv/CMakeFiles/generate.stamp is up-to-date.
         CMake does not need to re-run because D:/work_xing/project/eview-commondriver/cmake-temp/drivers/bacnetdrv/CMakeFiles/generate.stamp is up-to-date.
         CMake does not need to re-run because D:/work_xing/project/eview-commondriver/cmake-temp/drivers/eventdrv/CMakeFiles/generate.stamp is up-to-date.
         CMake does not need to re-run because D:/work_xing/project/eview-commondriver/cmake-temp/drivers/gwmqttdrv/CMakeFiles/generate.stamp is up-to-date.
         CMake does not need to re-run because D:/work_xing/project/eview-commondriver/cmake-temp/drivers/mnmqttdrv/CMakeFiles/generate.stamp is up-to-date.
         CMake does not need to re-run because D:/work_xing/project/eview-commondriver/cmake-temp/drivers/exceldrv/CMakeFiles/generate.stamp is up-to-date.
         CMake does not need to re-run because D:/work_xing/project/eview-commondriver/cmake-temp/drivers/csvdrv/CMakeFiles/generate.stamp is up-to-date.
         CMake does not need to re-run because D:/work_xing/project/eview-commondriver/cmake-temp/drivers/libnodavetest/CMakeFiles/generate.stamp is up-to-date.
         CMake does not need to re-run because D:/work_xing/project/eview-commondriver/cmake-temp/drivers/opc/CMakeFiles/generate.stamp is up-to-date.
         CMake does not need to re-run because D:/work_xing/project/eview-commondriver/cmake-temp/drivers/pdfdrv/CMakeFiles/generate.stamp is up-to-date.
         CMake does not need to re-run because D:/work_xing/project/eview-commondriver/cmake-temp/drivers/dhvideoinfo/CMakeFiles/generate.stamp is up-to-date.
         CMake does not need to re-run because D:/work_xing/project/eview-commondriver/cmake-temp/drivers/libnodavetest/s7tcptest/CMakeFiles/generate.stamp is up-to-date.
         CMake does not need to re-run because D:/work_xing/project/eview-commondriver/cmake-temp/drivers/libnodavetest/s7mpitest/CMakeFiles/generate.stamp is up-to-date.
         CMake does not need to re-run because D:/work_xing/project/eview-commondriver/cmake-temp/drivers/libnodavetest/s7ppitest/CMakeFiles/generate.stamp is up-to-date.
         CMake does not need to re-run because D:/work_xing/project/eview-commondriver/cmake-temp/drivers/opc/opcdrv/CMakeFiles/generate.stamp is up-to-date.
     1>已完成生成项目“D:\work_xing\project\eview-commondriver\cmake-temp\ZERO_CHECK.vcxproj”(Rebuild 个目标)的操作。

生成成功。

已用时间 00:00:00.11
