d:\work_xing\project\eview-commondriver\cmake-temp\drivers\modbusrtu\modbusrtu.dir\relwithdebinfo\modbusdrv.obj
d:\work_xing\project\eview-commondriver\cmake-temp\drivers\modbusrtu\modbusrtu.dir\relwithdebinfo\autogroup_blkdev.obj
d:\work_xing\project\eview-commondriver\cmake-temp\drivers\modbusrtu\modbusrtu.dir\relwithdebinfo\vc120.pdb
d:\work_xing\project\eview-commondriver\cmake-temp\drivers\modbusrtu\cmakefiles\generate.stamp
c:\eview-server\bin\drivers\modbusrtu\modbusrtu.ilk
c:\eview-server\bin\drivers\modbusrtu\modbusrtu.dll
d:\work_xing\project\eview-commondriver\bin\drivers\modbusrtu\modbusrtu.pdb
d:\work_xing\project\eview-commondriver\lib\modbusrtu.lib
d:\work_xing\project\eview-commondriver\lib\modbusrtu.exp
d:\work_xing\project\eview-commondriver\cmake-temp\drivers\modbusrtu\modbusrtu.dir\relwithdebinfo\version.res
d:\work_xing\project\eview-commondriver\cmake-temp\drivers\modbusrtu\modbusrtu.dir\relwithdebinfo\modbusrtu.tlog\cl.command.1.tlog
d:\work_xing\project\eview-commondriver\cmake-temp\drivers\modbusrtu\modbusrtu.dir\relwithdebinfo\modbusrtu.tlog\cl.read.1.tlog
d:\work_xing\project\eview-commondriver\cmake-temp\drivers\modbusrtu\modbusrtu.dir\relwithdebinfo\modbusrtu.tlog\cl.write.1.tlog
d:\work_xing\project\eview-commondriver\cmake-temp\drivers\modbusrtu\modbusrtu.dir\relwithdebinfo\modbusrtu.tlog\custombuild.command.1.tlog
d:\work_xing\project\eview-commondriver\cmake-temp\drivers\modbusrtu\modbusrtu.dir\relwithdebinfo\modbusrtu.tlog\custombuild.read.1.tlog
d:\work_xing\project\eview-commondriver\cmake-temp\drivers\modbusrtu\modbusrtu.dir\relwithdebinfo\modbusrtu.tlog\custombuild.write.1.tlog
d:\work_xing\project\eview-commondriver\cmake-temp\drivers\modbusrtu\modbusrtu.dir\relwithdebinfo\modbusrtu.tlog\link.command.1.tlog
d:\work_xing\project\eview-commondriver\cmake-temp\drivers\modbusrtu\modbusrtu.dir\relwithdebinfo\modbusrtu.tlog\link.read.1.tlog
d:\work_xing\project\eview-commondriver\cmake-temp\drivers\modbusrtu\modbusrtu.dir\relwithdebinfo\modbusrtu.tlog\link.write.1.tlog
d:\work_xing\project\eview-commondriver\cmake-temp\drivers\modbusrtu\modbusrtu.dir\relwithdebinfo\modbusrtu.tlog\modbusrtu.write.1u.tlog
d:\work_xing\project\eview-commondriver\cmake-temp\drivers\modbusrtu\modbusrtu.dir\relwithdebinfo\modbusrtu.tlog\rc.command.1.tlog
d:\work_xing\project\eview-commondriver\cmake-temp\drivers\modbusrtu\modbusrtu.dir\relwithdebinfo\modbusrtu.tlog\rc.read.1.tlog
d:\work_xing\project\eview-commondriver\cmake-temp\drivers\modbusrtu\modbusrtu.dir\relwithdebinfo\modbusrtu.tlog\rc.write.1.tlog
