生成启动时间为 2021/7/11 11:26:30。
     1>项目“D:\work_xing\project\eview-commondriver\cmake-temp\drivers\modbustcp\modbustcp.vcxproj”在节点 2 上(Rebuild 个目标)。
     1>CustomBuild:
         Building Custom Rule D:/work_xing/project/eview-commondriver/source/drivers/modbustcp/CMakeLists.txt
         CMake does not need to re-run because D:\work_xing\project\eview-commondriver\cmake-temp\drivers\modbustcp\CMakeFiles\generate.stamp is up-to-date.
       ClCompile:
         C:\Program Files (x86)\Microsoft Visual Studio 12.0\VC\bin\x86_amd64\CL.exe /c /I"D:\work_xing\project\eview-commondriver\source\drivers\modbustcp\include" /I"D:\work_xing\project\eview-commondriver\source\..\include" /Zi /nologo /W3 /WX- /MP /Od /Ob1 /D WIN32 /D _WINDOWS /D MODBUSTYPE_TCP /D _CRT_SECURE_NO_WARNINGS /D BOOST_NO_USER_CONFIG /D "CMAKE_INTDIR=\"RelWithDebInfo\"" /D modbustcp_EXPORTS /D _WINDLL /D _MBCS /Gm- /EHsc /MD /GS /fp:precise /Zc:wchar_t /Zc:forScope /GR /Fo"modbustcp.dir\RelWithDebInfo\\" /Fd"modbustcp.dir\RelWithDebInfo\vc120.pdb" /Gd /TP /errorReport:prompt "D:\work_xing\project\eview-commondriver\source\drivers\modbustcp\modbusdrv.cpp" "D:\work_xing\project\eview-commondriver\source\drivers\modbustcp\AutoGroup_BlkDev.cpp"
         modbusdrv.cpp
         AutoGroup_BlkDev.cpp
     1>D:\work_xing\project\eview-commondriver\include\ace/OS_NS_string.inl(222): warning C4996: 'strdup': The POSIX name for this item is deprecated. Instead, use the ISO C++ conformant name: _strdup. See online help for details. (D:\work_xing\project\eview-commondriver\source\drivers\modbustcp\modbusdrv.cpp)
                 C:\Program Files (x86)\Microsoft Visual Studio 12.0\VC\include\string.h(245) : 参见“strdup”的声明
     1>D:\work_xing\project\eview-commondriver\include\ace/OS_NS_string.inl(222): warning C4996: 'strdup': The POSIX name for this item is deprecated. Instead, use the ISO C++ conformant name: _strdup. See online help for details. (D:\work_xing\project\eview-commondriver\source\drivers\modbustcp\AutoGroup_BlkDev.cpp)
                 C:\Program Files (x86)\Microsoft Visual Studio 12.0\VC\include\string.h(245) : 参见“strdup”的声明
     1>D:\work_xing\project\eview-commondriver\include\ace/OS_NS_stdlib.inl(340): warning C4996: 'putenv': The POSIX name for this item is deprecated. Instead, use the ISO C++ conformant name: _putenv. See online help for details. (D:\work_xing\project\eview-commondriver\source\drivers\modbustcp\modbusdrv.cpp)
                 C:\Program Files (x86)\Microsoft Visual Studio 12.0\VC\include\stdlib.h(941) : 参见“putenv”的声明
     1>D:\work_xing\project\eview-commondriver\include\ace/OS_NS_stdlib.inl(340): warning C4996: 'putenv': The POSIX name for this item is deprecated. Instead, use the ISO C++ conformant name: _putenv. See online help for details. (D:\work_xing\project\eview-commondriver\source\drivers\modbustcp\AutoGroup_BlkDev.cpp)
                 C:\Program Files (x86)\Microsoft Visual Studio 12.0\VC\include\stdlib.h(941) : 参见“putenv”的声明
     1>D:\work_xing\project\eview-commondriver\include\ace/OS_NS_unistd.inl(60): warning C4996: 'access': The POSIX name for this item is deprecated. Instead, use the ISO C++ conformant name: _access. See online help for details. (D:\work_xing\project\eview-commondriver\source\drivers\modbustcp\modbusdrv.cpp)
                 C:\Program Files (x86)\Microsoft Visual Studio 12.0\VC\include\io.h(323) : 参见“access”的声明
     1>D:\work_xing\project\eview-commondriver\include\ace/OS_NS_unistd.inl(60): warning C4996: 'access': The POSIX name for this item is deprecated. Instead, use the ISO C++ conformant name: _access. See online help for details. (D:\work_xing\project\eview-commondriver\source\drivers\modbustcp\AutoGroup_BlkDev.cpp)
                 C:\Program Files (x86)\Microsoft Visual Studio 12.0\VC\include\io.h(323) : 参见“access”的声明
     1>D:\work_xing\project\eview-commondriver\include\ace/OS_NS_unistd.inl(131): warning C4996: 'chdir': The POSIX name for this item is deprecated. Instead, use the ISO C++ conformant name: _chdir. See online help for details. (D:\work_xing\project\eview-commondriver\source\drivers\modbustcp\modbusdrv.cpp)
                 C:\Program Files (x86)\Microsoft Visual Studio 12.0\VC\include\direct.h(136) : 参见“chdir”的声明
     1>D:\work_xing\project\eview-commondriver\include\ace/OS_NS_unistd.inl(131): warning C4996: 'chdir': The POSIX name for this item is deprecated. Instead, use the ISO C++ conformant name: _chdir. See online help for details. (D:\work_xing\project\eview-commondriver\source\drivers\modbustcp\AutoGroup_BlkDev.cpp)
                 C:\Program Files (x86)\Microsoft Visual Studio 12.0\VC\include\direct.h(136) : 参见“chdir”的声明
     1>D:\work_xing\project\eview-commondriver\include\ace/OS_NS_unistd.inl(158): warning C4996: 'rmdir': The POSIX name for this item is deprecated. Instead, use the ISO C++ conformant name: _rmdir. See online help for details. (D:\work_xing\project\eview-commondriver\source\drivers\modbustcp\modbusdrv.cpp)
                 C:\Program Files (x86)\Microsoft Visual Studio 12.0\VC\include\direct.h(141) : 参见“rmdir”的声明
     1>D:\work_xing\project\eview-commondriver\include\ace/OS_NS_unistd.inl(158): warning C4996: 'rmdir': The POSIX name for this item is deprecated. Instead, use the ISO C++ conformant name: _rmdir. See online help for details. (D:\work_xing\project\eview-commondriver\source\drivers\modbustcp\AutoGroup_BlkDev.cpp)
                 C:\Program Files (x86)\Microsoft Visual Studio 12.0\VC\include\direct.h(141) : 参见“rmdir”的声明
     1>D:\work_xing\project\eview-commondriver\include\ace/OS_NS_unistd.inl(409): warning C4996: 'getcwd': The POSIX name for this item is deprecated. Instead, use the ISO C++ conformant name: _getcwd. See online help for details. (D:\work_xing\project\eview-commondriver\source\drivers\modbustcp\modbusdrv.cpp)
                 C:\Program Files (x86)\Microsoft Visual Studio 12.0\VC\include\direct.h(130) : 参见“getcwd”的声明
     1>D:\work_xing\project\eview-commondriver\include\ace/OS_NS_unistd.inl(409): warning C4996: 'getcwd': The POSIX name for this item is deprecated. Instead, use the ISO C++ conformant name: _getcwd. See online help for details. (D:\work_xing\project\eview-commondriver\source\drivers\modbustcp\AutoGroup_BlkDev.cpp)
                 C:\Program Files (x86)\Microsoft Visual Studio 12.0\VC\include\direct.h(130) : 参见“getcwd”的声明
     1>D:\work_xing\project\eview-commondriver\include\ace/OS_NS_unistd.inl(1014): warning C4996: 'swab': The POSIX name for this item is deprecated. Instead, use the ISO C++ conformant name: _swab. See online help for details. (D:\work_xing\project\eview-commondriver\source\drivers\modbustcp\modbusdrv.cpp)
                 C:\Program Files (x86)\Microsoft Visual Studio 12.0\VC\include\stdlib.h(944) : 参见“swab”的声明
     1>D:\work_xing\project\eview-commondriver\include\ace/OS_NS_unistd.inl(1014): warning C4996: 'swab': The POSIX name for this item is deprecated. Instead, use the ISO C++ conformant name: _swab. See online help for details. (D:\work_xing\project\eview-commondriver\source\drivers\modbustcp\AutoGroup_BlkDev.cpp)
                 C:\Program Files (x86)\Microsoft Visual Studio 12.0\VC\include\stdlib.h(944) : 参见“swab”的声明
     1>D:\work_xing\project\eview-commondriver\include\ace/OS_NS_unistd.inl(1169): warning C4996: 'unlink': The POSIX name for this item is deprecated. Instead, use the ISO C++ conformant name: _unlink. See online help for details. (D:\work_xing\project\eview-commondriver\source\drivers\modbustcp\modbusdrv.cpp)
                 C:\Program Files (x86)\Microsoft Visual Studio 12.0\VC\include\io.h(213) : 参见“unlink”的声明
     1>D:\work_xing\project\eview-commondriver\include\ace/OS_NS_unistd.inl(1169): warning C4996: 'unlink': The POSIX name for this item is deprecated. Instead, use the ISO C++ conformant name: _unlink. See online help for details. (D:\work_xing\project\eview-commondriver\source\drivers\modbustcp\AutoGroup_BlkDev.cpp)
                 C:\Program Files (x86)\Microsoft Visual Studio 12.0\VC\include\io.h(213) : 参见“unlink”的声明
     1>D:\work_xing\project\eview-commondriver\include\ace/OS_NS_sys_stat.inl(154): warning C4996: 'mkdir': The POSIX name for this item is deprecated. Instead, use the ISO C++ conformant name: _mkdir. See online help for details. (D:\work_xing\project\eview-commondriver\source\drivers\modbustcp\AutoGroup_BlkDev.cpp)
                 C:\Program Files (x86)\Microsoft Visual Studio 12.0\VC\include\direct.h(140) : 参见“mkdir”的声明
     1>D:\work_xing\project\eview-commondriver\include\ace/OS_NS_sys_stat.inl(154): warning C4996: 'mkdir': The POSIX name for this item is deprecated. Instead, use the ISO C++ conformant name: _mkdir. See online help for details. (D:\work_xing\project\eview-commondriver\source\drivers\modbustcp\modbusdrv.cpp)
                 C:\Program Files (x86)\Microsoft Visual Studio 12.0\VC\include\direct.h(140) : 参见“mkdir”的声明
     1>D:\work_xing\project\eview-commondriver\include\ace/OS_NS_stdio.inl(887): warning C4996: 'tempnam': The POSIX name for this item is deprecated. Instead, use the ISO C++ conformant name: _tempnam. See online help for details. (D:\work_xing\project\eview-commondriver\source\drivers\modbustcp\AutoGroup_BlkDev.cpp)
                 C:\Program Files (x86)\Microsoft Visual Studio 12.0\VC\include\stdio.h(709) : 参见“tempnam”的声明
     1>D:\work_xing\project\eview-commondriver\include\ace/OS_NS_stdio.inl(887): warning C4996: 'tempnam': The POSIX name for this item is deprecated. Instead, use the ISO C++ conformant name: _tempnam. See online help for details. (D:\work_xing\project\eview-commondriver\source\drivers\modbustcp\modbusdrv.cpp)
                 C:\Program Files (x86)\Microsoft Visual Studio 12.0\VC\include\stdio.h(709) : 参见“tempnam”的声明
     1>D:\work_xing\project\eview-commondriver\source\drivers\modbustcp\modbusdrv.cpp(381): warning C4244: “初始化”: 从“__int64”转换到“int”，可能丢失数据
     1>D:\work_xing\project\eview-commondriver\source\drivers\modbustcp\modbusdrv.cpp(389): warning C4244: “=”: 从“__int64”转换到“int”，可能丢失数据
     1>D:\work_xing\project\eview-commondriver\source\drivers\modbustcp\modbusdrv.cpp(475): warning C4244: “=”: 从“long”转换到“char”，可能丢失数据
     1>D:\work_xing\project\eview-commondriver\source\drivers\modbustcp\modbusdrv.cpp(598): warning C4244: “=”: 从“__int64”转换到“int”，可能丢失数据
     1>D:\work_xing\project\eview-commondriver\source\drivers\modbustcp\modbusdrv.cpp(616): warning C4244: “=”: 从“float”转换到“int”，可能丢失数据
     1>D:\work_xing\project\eview-commondriver\source\drivers\modbustcp\modbusdrv.cpp(893): warning C4244: “初始化”: 从“__int64”转换到“int”，可能丢失数据
     1>D:\work_xing\project\eview-commondriver\source\drivers\modbustcp\modbusdrv.cpp(1042): warning C4267: “参数”: 从“size_t”转换到“int”，可能丢失数据
     1>D:\work_xing\project\eview-commondriver\source\drivers\modbustcp\AutoGroup_BlkDev.cpp(263): warning C4267: “参数”: 从“size_t”转换到“int”，可能丢失数据
     1>D:\work_xing\project\eview-commondriver\source\drivers\modbustcp\AutoGroup_BlkDev.cpp(267): warning C4244: “初始化”: 从“float”转换到“int”，可能丢失数据
     1>D:\work_xing\project\eview-commondriver\source\drivers\modbustcp\AutoGroup_BlkDev.cpp(275): warning C4267: “初始化”: 从“size_t”转换到“int”，可能丢失数据
     1>D:\work_xing\project\eview-commondriver\source\drivers\modbustcp\AutoGroup_BlkDev.cpp(334): warning C4267: “参数”: 从“size_t”转换到“int”，可能丢失数据
       ResourceCompile:
         C:\Program Files (x86)\Windows Kits\8.1\bin\x86\rc.exe /D WIN32 /D _WINDOWS /D MODBUSTYPE_TCP /D _CRT_SECURE_NO_WARNINGS /D BOOST_NO_USER_CONFIG /D "CMAKE_INTDIR=\\\"RelWithDebInfo\\\"" /D modbustcp_EXPORTS /l"0x0409" /I"D:\work_xing\project\eview-commondriver\source\drivers\modbustcp\include" /I"D:\work_xing\project\eview-commondriver\source\..\include" /nologo /fo"modbustcp.dir\RelWithDebInfo\version.res" D:\work_xing\project\eview-commondriver\cmake-temp\drivers\modbustcp\version.rc 
       Link:
         C:\Program Files (x86)\Microsoft Visual Studio 12.0\VC\bin\x86_amd64\link.exe /ERRORREPORT:PROMPT /OUT:"D:\work_xing\project\eview-commondriver\bin\drivers\modbustcp\modbustcp.dll" /INCREMENTAL /NOLOGO /LIBPATH:"D:/work_xing/project/eview-commondriver/source/../lib" /LIBPATH:"D:/work_xing/project/eview-commondriver/source/../lib/RelWithDebInfo" /LIBPATH:"D:/work_xing/project/eview-commondriver/source/../bin" /LIBPATH:"D:/work_xing/project/eview-commondriver/source/../bin/RelWithDebInfo" kernel32.lib user32.lib gdi32.lib winspool.lib shell32.lib ole32.lib oleaut32.lib uuid.lib comdlg32.lib advapi32.lib pkdrvcmn.lib pkce.lib pkcomm.lib /MANIFEST /MANIFESTUAC:"level='asInvoker' uiAccess='false'" /manifest:embed /DEBUG /PDB:"D:/work_xing/project/eview-commondriver/bin/drivers/modbustcp/modbustcp.pdb" /SUBSYSTEM:CONSOLE /TLBID:1 /DYNAMICBASE /NXCOMPAT /IMPLIB:"D:/work_xing/project/eview-commondriver/lib/modbustcp.lib" /MACHINE:X64  /machine:x64 /DLL modbustcp.dir\RelWithDebInfo\version.res
         modbustcp.dir\RelWithDebInfo\modbusdrv.obj
         modbustcp.dir\RelWithDebInfo\AutoGroup_BlkDev.obj
            正在创建库 D:/work_xing/project/eview-commondriver/lib/modbustcp.lib 和对象 D:/work_xing/project/eview-commondriver/lib/modbustcp.exp
         modbustcp.vcxproj -> D:\work_xing\project\eview-commondriver\bin\drivers\modbustcp\modbustcp.dll
     1>已完成生成项目“D:\work_xing\project\eview-commondriver\cmake-temp\drivers\modbustcp\modbustcp.vcxproj”(Rebuild 个目标)的操作。

生成成功。

已用时间 00:00:01.15
