d:\work_xing\project\eview-commondriver\cmake-temp\cmakefiles\generate.stamp
d:\work_xing\project\eview-commondriver\cmake-temp\drivers\cmakefiles\generate.stamp
d:\work_xing\project\eview-commondriver\cmake-temp\drivers\snmpdrv\cmakefiles\generate.stamp
d:\work_xing\project\eview-commondriver\cmake-temp\drivers\dbdrv\cmakefiles\generate.stamp
d:\work_xing\project\eview-commondriver\cmake-temp\drivers\pingdrv\cmakefiles\generate.stamp
d:\work_xing\project\eview-commondriver\cmake-temp\drivers\iec104drv\cmakefiles\generate.stamp
d:\work_xing\project\eview-commondriver\cmake-temp\drivers\modbustcp\cmakefiles\generate.stamp
d:\work_xing\project\eview-commondriver\cmake-temp\drivers\modbusrtu\cmakefiles\generate.stamp
d:\work_xing\project\eview-commondriver\cmake-temp\drivers\mitubishifxdrv\cmakefiles\generate.stamp
d:\work_xing\project\eview-commondriver\cmake-temp\drivers\abcipdrv\cmakefiles\generate.stamp
d:\work_xing\project\eview-commondriver\cmake-temp\drivers\abdf1drv\cmakefiles\generate.stamp
d:\work_xing\project\eview-commondriver\cmake-temp\drivers\omronfinsdrv\cmakefiles\generate.stamp
d:\work_xing\project\eview-commondriver\cmake-temp\drivers\simenss7drv\cmakefiles\generate.stamp
d:\work_xing\project\eview-commondriver\cmake-temp\drivers\eviewdatadrv\cmakefiles\generate.stamp
d:\work_xing\project\eview-commondriver\cmake-temp\drivers\sampledrv\cmakefiles\generate.stamp
d:\work_xing\project\eview-commondriver\cmake-temp\drivers\commondrv\cmakefiles\generate.stamp
d:\work_xing\project\eview-commondriver\cmake-temp\drivers\bacnetdrv\cmakefiles\generate.stamp
d:\work_xing\project\eview-commondriver\cmake-temp\drivers\gwmqttdrv\cmakefiles\generate.stamp
d:\work_xing\project\eview-commondriver\cmake-temp\drivers\mnmqttdrv\cmakefiles\generate.stamp
d:\work_xing\project\eview-commondriver\cmake-temp\drivers\exceldrv\cmakefiles\generate.stamp
d:\work_xing\project\eview-commondriver\cmake-temp\drivers\csvdrv\cmakefiles\generate.stamp
d:\work_xing\project\eview-commondriver\cmake-temp\drivers\libnodavetest\cmakefiles\generate.stamp
d:\work_xing\project\eview-commondriver\cmake-temp\drivers\opc\cmakefiles\generate.stamp
d:\work_xing\project\eview-commondriver\cmake-temp\drivers\pdfdrv\cmakefiles\generate.stamp
d:\work_xing\project\eview-commondriver\cmake-temp\drivers\dhvideoinfo\cmakefiles\generate.stamp
d:\work_xing\project\eview-commondriver\cmake-temp\drivers\libnodavetest\s7tcptest\cmakefiles\generate.stamp
d:\work_xing\project\eview-commondriver\cmake-temp\drivers\libnodavetest\s7mpitest\cmakefiles\generate.stamp
d:\work_xing\project\eview-commondriver\cmake-temp\drivers\libnodavetest\s7ppitest\cmakefiles\generate.stamp
d:\work_xing\project\eview-commondriver\cmake-temp\drivers\opc\opcdrv\cmakefiles\generate.stamp
d:\work_xing\project\eview-commondriver\cmake-temp\x64\debug\zero_check\zero_check.tlog\custombuild.command.1.tlog
d:\work_xing\project\eview-commondriver\cmake-temp\x64\debug\zero_check\zero_check.tlog\custombuild.read.1.tlog
d:\work_xing\project\eview-commondriver\cmake-temp\x64\debug\zero_check\zero_check.tlog\custombuild.write.1.tlog
